0 info it worked if it ends with ok
1 verbose cli [ 'node', '/usr/local/bin/npm', 'update', '-g', 'bower' ]
2 info using npm@2.14.0
3 info using node@v0.12.7
4 silly mapToRegistry name bower
5 silly mapToRegistry using default registry
6 silly mapToRegistry registry https://registry.npmjs.org/
7 silly mapToRegistry uri https://registry.npmjs.org/bower
8 verbose request uri https://registry.npmjs.org/bower
9 verbose request no auth needed
10 info attempt registry request try #1 at 10:28:16 PM
11 verbose request id e0d428ec491cb2c7
12 http request GET https://registry.npmjs.org/bower
13 http 200 https://registry.npmjs.org/bower
14 silly get cb [ 200,
14 silly get   { server: 'CouchDB/1.5.0 (Erlang OTP/R16B03)',
14 silly get     etag: '"BXJO7U3ITSYMSGQ58QQA77647"',
14 silly get     'content-type': 'application/json',
14 silly get     'cache-control': 'max-age=60',
14 silly get     'content-length': '117540',
14 silly get     'accept-ranges': 'bytes',
14 silly get     date: 'Mon, 24 Aug 2015 15:58:23 GMT',
14 silly get     via: '1.1 varnish',
14 silly get     age: '0',
14 silly get     connection: 'keep-alive',
14 silly get     'x-served-by': 'cache-hkg6822-HKG',
14 silly get     'x-cache': 'HIT',
14 silly get     'x-cache-hits': '1',
14 silly get     'x-timer': 'S1440431902.548214,VS0,VE732',
14 silly get     vary: 'Accept' } ]
15 verbose get saving bower to /home/nay/.npm/registry.npmjs.org/bower/.cache.json
16 info outdated updating [ [ '/usr/local/lib', 'bower', '1.4.1', '1.5.1', '1.5.1', 'latest' ] ]
17 verbose install where, what [ '/usr/local/lib', [ 'bower@1.5.1' ] ]
18 verbose install initial load of /usr/local/lib/package.json
19 verbose readDependencies loading dependencies from /usr/local/lib/package.json
20 silly cache add args [ 'bower@1.5.1', null ]
21 verbose cache add spec bower@1.5.1
22 silly cache add parsed spec { raw: 'bower@1.5.1',
22 silly cache add   scope: null,
22 silly cache add   name: 'bower',
22 silly cache add   rawSpec: '1.5.1',
22 silly cache add   spec: '1.5.1',
22 silly cache add   type: 'version' }
23 silly addNamed bower@1.5.1
24 verbose addNamed "1.5.1" is a plain semver version for bower
25 silly mapToRegistry name bower
26 silly mapToRegistry using default registry
27 silly mapToRegistry registry https://registry.npmjs.org/
28 silly mapToRegistry uri https://registry.npmjs.org/bower
29 verbose addNameVersion registry:https://registry.npmjs.org/bower not in flight; fetching
30 verbose get https://registry.npmjs.org/bower not expired, no request
31 silly mapToRegistry name bower
32 silly mapToRegistry using default registry
33 silly mapToRegistry registry https://registry.npmjs.org/
34 silly mapToRegistry uri https://registry.npmjs.org/bower
35 verbose addRemoteTarball https://registry.npmjs.org/bower/-/bower-1.5.1.tgz not in flight; adding
36 verbose addRemoteTarball [ 'https://registry.npmjs.org/bower/-/bower-1.5.1.tgz',
36 verbose addRemoteTarball   'a099d02fcd3952edb326011234b4fc616dfc3f36' ]
37 info retry fetch attempt 1 at 10:28:24 PM
38 info attempt registry request try #1 at 10:28:24 PM
39 http fetch GET https://registry.npmjs.org/bower/-/bower-1.5.1.tgz
40 http fetch 200 https://registry.npmjs.org/bower/-/bower-1.5.1.tgz
41 silly fetchAndShaCheck shasum a099d02fcd3952edb326011234b4fc616dfc3f36
42 verbose addTmpTarball /tmp/npm-14012-aa74f200/registry.npmjs.org/bower/-/bower-1.5.1.tgz not in flight; adding
43 verbose addTmpTarball already have metadata; skipping unpack for bower@1.5.1
44 silly cache afterAdd bower@1.5.1
45 verbose afterAdd /home/nay/.npm/bower/1.5.1/package/package.json not in flight; writing
46 verbose afterAdd /home/nay/.npm/bower/1.5.1/package/package.json written
47 silly install resolved [ { name: 'bower',
47 silly install resolved     version: '1.5.1',
47 silly install resolved     description: 'The browser package manager',
47 silly install resolved     author: { name: 'Twitter' },
47 silly install resolved     license: 'MIT',
47 silly install resolved     repository: { type: 'git', url: 'git+https://github.com/bower/bower.git' },
47 silly install resolved     main: 'lib',
47 silly install resolved     homepage: 'http://bower.io',
47 silly install resolved     engines: { node: '>=0.10.0' },
47 silly install resolved     dependencies:
47 silly install resolved      { abbrev: '^1.0.5',
47 silly install resolved        archy: '1.0.0',
47 silly install resolved        'bower-config': '^0.6.1',
47 silly install resolved        'bower-endpoint-parser': '^0.2.2',
47 silly install resolved        'bower-json': '^0.4.0',
47 silly install resolved        'bower-logger': '^0.2.2',
47 silly install resolved        'bower-registry-client': '^0.3.0',
47 silly install resolved        cardinal: '0.4.4',
47 silly install resolved        chalk: '^1.0.0',
47 silly install resolved        chmodr: '0.1.0',
47 silly install resolved        configstore: '^0.3.2',
47 silly install resolved        'decompress-zip': '^0.1.0',
47 silly install resolved        'deep-sort-object': '~0.1.1',
47 silly install resolved        'findup-sync': '^0.2.1',
47 silly install resolved        fstream: '^1.0.3',
47 silly install resolved        'fstream-ignore': '^1.0.2',
47 silly install resolved        github: '^0.2.3',
47 silly install resolved        glob: '^4.3.2',
47 silly install resolved        'graceful-fs': '^3.0.5',
47 silly install resolved        handlebars: '^2.0.0',
47 silly install resolved        inquirer: '0.8.0',
47 silly install resolved        insight: '^0.5.0',
47 silly install resolved        'is-root': '^1.0.0',
47 silly install resolved        junk: '^1.0.0',
47 silly install resolved        lockfile: '^1.0.0',
47 silly install resolved        'lru-cache': '^2.5.0',
47 silly install resolved        mkdirp: '0.5.0',
47 silly install resolved        mout: '^0.11.0',
47 silly install resolved        nopt: '^3.0.1',
47 silly install resolved        opn: '^1.0.1',
47 silly install resolved        'p-throttler': '0.1.1',
47 silly install resolved        promptly: '0.2.0',
47 silly install resolved        q: '^1.1.2',
47 silly install resolved        request: '2.53.0',
47 silly install resolved        'request-progress': '0.3.1',
47 silly install resolved        retry: '0.6.1',
47 silly install resolved        rimraf: '^2.2.8',
47 silly install resolved        semver: '^5.0.1',
47 silly install resolved        'shell-quote': '^1.4.2',
47 silly install resolved        'stringify-object': '^1.0.0',
47 silly install resolved        'tar-fs': '^1.4.1',
47 silly install resolved        tmp: '0.0.24',
47 silly install resolved        'update-notifier': '^0.3.0',
47 silly install resolved        'user-home': '^1.1.0',
47 silly install resolved        which: '^1.0.8' },
47 silly install resolved     devDependencies:
47 silly install resolved      { chai: '^1.10.0',
47 silly install resolved        coveralls: '^2.11.2',
47 silly install resolved        'expect.js': '^0.3.1',
47 silly install resolved        grunt: '^0.4.5',
47 silly install resolved        'grunt-cli': '^0.1.13',
47 silly install resolved        'grunt-contrib-jshint': '^0.10.0',
47 silly install resolved        'grunt-contrib-watch': '^0.6.1',
47 silly install resolved        'grunt-exec': '^0.4.6',
47 silly install resolved        'grunt-simple-mocha': '^0.4.0',
47 silly install resolved        istanbul: '^0.3.5',
47 silly install resolved        'load-grunt-tasks': '^2.0.0',
47 silly install resolved        mocha: '^2.1.0',
47 silly install resolved        multiline: '^1.0.2',
47 silly install resolved        nock: '^0.56.0',
47 silly install resolved        'node-uuid': '^1.4.2',
47 silly install resolved        proxyquire: '^1.3.0',
47 silly install resolved        'spawn-sync': '^1.0.5' },
47 silly install resolved     scripts: { test: 'grunt test' },
47 silly install resolved     bin: { bower: 'bin/bower' },
47 silly install resolved     files: [ 'bin', 'lib', 'templates' ],
47 silly install resolved     gitHead: '23afb3a12964e3b6e0716a9e4eccdba6cbf60f27',
47 silly install resolved     bugs: { url: 'https://github.com/bower/bower/issues' },
47 silly install resolved     _id: 'bower@1.5.1',
47 silly install resolved     _shasum: 'a099d02fcd3952edb326011234b4fc616dfc3f36',
47 silly install resolved     _from: 'bower@1.5.1',
47 silly install resolved     _npmVersion: '2.11.3',
47 silly install resolved     _nodeVersion: '0.12.7',
47 silly install resolved     _npmUser: { name: 'sheerun', email: 'sheerun@sher.pl' },
47 silly install resolved     dist:
47 silly install resolved      { shasum: 'a099d02fcd3952edb326011234b4fc616dfc3f36',
47 silly install resolved        tarball: 'http://registry.npmjs.org/bower/-/bower-1.5.1.tgz' },
47 silly install resolved     maintainers: [ [Object], [Object], [Object], [Object], [Object], [Object] ],
47 silly install resolved     directories: {},
47 silly install resolved     _resolved: 'https://registry.npmjs.org/bower/-/bower-1.5.1.tgz' } ]
48 info install bower@1.5.1 into /usr/local/lib
49 info installOne bower@1.5.1
50 verbose installOne of bower to /usr/local/lib not in flight; installing
51 verbose lock using /home/nay/.npm/_locks/bower-e8debc5417026b57.lock for /usr/local/lib/node_modules/bower
52 silly install write writing bower 1.5.1 to /usr/local/lib/node_modules/bower
53 verbose unbuild lib/node_modules/bower
54 info preuninstall bower@1.4.1
55 info uninstall bower@1.4.1
56 verbose unbuild rmStuff bower@1.4.1 from /usr/local/lib/node_modules
57 silly gentlyRm /usr/local/bin/bower is being gently removed
58 silly gentlyRm verifying /usr/local is an npm working directory
59 silly gentlyRm containing path /usr/local is under npm's control, in /usr/local
60 silly gentlyRm deletion target /usr/local/bin/bower is under /usr/local
61 verbose gentlyRm vacuuming from /usr/local/bin/bower up to /usr/local
62 silly vacuum-fs removing /usr/local/bin/bower
63 verbose unlock done using /home/nay/.npm/_locks/bower-e8debc5417026b57.lock for /usr/local/lib/node_modules/bower
64 verbose stack Error: EACCES, unlink '/usr/local/bin/bower'
64 verbose stack     at Error (native)
65 verbose cwd /var/www/html/mongo
66 error Linux 3.13.0-55-generic
67 error argv "node" "/usr/local/bin/npm" "update" "-g" "bower"
68 error node v0.12.7
69 error npm  v2.14.0
70 error path /usr/local/bin/bower
71 error code EACCES
72 error errno -13
73 error Error: EACCES, unlink '/usr/local/bin/bower'
73 error     at Error (native)
73 error  { [Error: EACCES, unlink '/usr/local/bin/bower'] errno: -13, code: 'EACCES', path: '/usr/local/bin/bower' }
74 error Please try running this command again as root/Administrator.
75 verbose exit [ -13, true ]
76 verbose unbuild lib/node_modules/bower
77 info preuninstall bower@1.4.1
78 info uninstall bower@1.4.1
79 verbose unbuild rmStuff bower@1.4.1 from /usr/local/lib/node_modules
80 silly gentlyRm /usr/local/bin/bower is being gently removed
81 silly gentlyRm verifying /usr/local is an npm working directory
82 silly gentlyRm containing path /usr/local is under npm's control, in /usr/local
83 silly gentlyRm deletion target /usr/local/bin/bower is under /usr/local
84 verbose gentlyRm vacuuming from /usr/local/bin/bower up to /usr/local
85 silly vacuum-fs removing /usr/local/bin/bower
86 error error rolling back Error: EACCES, unlink '/usr/local/bin/bower'
86 error error rolling back     at Error (native)
86 error error rolling back  { [Error: EACCES, unlink '/usr/local/bin/bower'] errno: -13, code: 'EACCES', path: '/usr/local/bin/bower' }
